<?xml version="1.0" encoding="UTF-8"?>
<testsuite name="com.example.offlinebustracker.BusInterpolationTest" tests="4" skipped="0" failures="0" errors="0" timestamp="2026-08-28T15:29:17" hostname="ACER-NITRO-V15" time="0.032">
  <properties/>
  <testcase name="testInterpolationAt1802" classname="com.example.offlinebustracker.BusInterpolationTest" time="0.028"/>
  <testcase name="testBeforeDeparture" classname="com.example.offlinebustracker.BusInterpolationTest" time="0.003"/>
  <testcase name="testArrivalAtStopB" classname="com.example.offlinebustracker.BusInterpolationTest" time="0.0"/>
  <testcase name="testTripCompletedAfter1820" classname="com.example.offlinebustracker.BusInterpolationTest" time="0.0"/>
  <system-out><![CDATA[]]></system-out>
  <system-err><![CDATA[]]></system-err>
</testsuite>
